<?xml version="1.0" encoding="UTF-8"?>
<!-- Generated by org.testng.reporters.JUnitReportReporter -->
<testsuite hostname="ELW4120" name="Request.deletecall" tests="1" failures="0" timestamp="17 Jun 2021 07:08:19 GMT" time="2.228" errors="0">
  <testcase name="deletedata" time="2.228" classname="Request.deletecall"/>
</testsuite> <!-- Request.deletecall -->
