<?xml version="1.0" encoding="UTF-8"?>
<!-- Generated by org.testng.reporters.JUnitReportReporter -->
<testsuite hostname="ELW4120" name="Request.postcall" tests="1" failures="0" timestamp="17 Jun 2021 06:16:10 GMT" time="2.176" errors="0">
  <testcase name="postdata" time="2.176" classname="Request.postcall"/>
</testsuite> <!-- Request.postcall -->
