<?xml version="1.0" encoding="UTF-8"?>
<!-- Generated by org.testng.reporters.JUnitReportReporter -->
<testsuite hostname="ELW4120" name="Request.putcall" tests="1" failures="0" timestamp="17 Jun 2021 07:17:58 GMT" time="2.345" errors="0">
  <testcase name="updatedata" time="2.345" classname="Request.putcall"/>
</testsuite> <!-- Request.putcall -->
